2013/05/08 09:11:01 [error] [exception.CHttpException.404] exception 'CHttpException' with message 'Unable to resolve the request "gii".' in /var/www/w1/atem_R1/yii/framework/web/CWebApplication.php:286
Stack trace:
#0 /var/www/w1/atem_R1/yii/framework/web/CWebApplication.php(141): CWebApplication->runController('gii')
#1 /var/www/w1/atem_R1/yii/framework/base/CApplication.php(169): CWebApplication->processRequest()
#2 /var/www/w1/atem_R1/yii/yiip/index.php(13): CApplication->run()
#3 {main}
REQUEST_URI=/atem_R1/yii/yiip/?r=gii
---
2013/05/08 09:11:10 [error] [exception.CHttpException.404] exception 'CHttpException' with message 'Unable to resolve the request "gii".' in /var/www/w1/atem_R1/yii/framework/web/CWebApplication.php:286
Stack trace:
#0 /var/www/w1/atem_R1/yii/framework/web/CWebApplication.php(141): CWebApplication->runController('gii')
#1 /var/www/w1/atem_R1/yii/framework/base/CApplication.php(169): CWebApplication->processRequest()
#2 /var/www/w1/atem_R1/yii/yiip/index.php(13): CApplication->run()
#3 {main}
REQUEST_URI=/atem_R1/yii/yiip/index.php?r=gii
---
2013/05/08 09:14:52 [error] [exception.CHttpException.404] exception 'CHttpException' with message 'Unable to resolve the request "gii".' in /var/www/w1/atem_R1/yii/framework/web/CWebApplication.php:286
Stack trace:
#0 /var/www/w1/atem_R1/yii/framework/web/CWebApplication.php(141): CWebApplication->runController('gii')
#1 /var/www/w1/atem_R1/yii/framework/base/CApplication.php(169): CWebApplication->processRequest()
#2 /var/www/w1/atem_R1/yii/yiip/index.php(13): CApplication->run()
#3 {main}
REQUEST_URI=/atem_R1/yii/yiip/index.php?r=gii
---
2013/05/08 09:14:54 [error] [exception.CHttpException.404] exception 'CHttpException' with message 'Unable to resolve the request "gi".' in /var/www/w1/atem_R1/yii/framework/web/CWebApplication.php:286
Stack trace:
#0 /var/www/w1/atem_R1/yii/framework/web/CWebApplication.php(141): CWebApplication->runController('gi')
#1 /var/www/w1/atem_R1/yii/framework/base/CApplication.php(169): CWebApplication->processRequest()
#2 /var/www/w1/atem_R1/yii/yiip/index.php(13): CApplication->run()
#3 {main}
REQUEST_URI=/atem_R1/yii/yiip/index.php?r=gi
---
2013/05/08 09:14:56 [error] [exception.CHttpException.404] exception 'CHttpException' with message 'Unable to resolve the request "yii".' in /var/www/w1/atem_R1/yii/framework/web/CWebApplication.php:286
Stack trace:
#0 /var/www/w1/atem_R1/yii/framework/web/CWebApplication.php(141): CWebApplication->runController('yii')
#1 /var/www/w1/atem_R1/yii/framework/base/CApplication.php(169): CWebApplication->processRequest()
#2 /var/www/w1/atem_R1/yii/yiip/index.php(13): CApplication->run()
#3 {main}
REQUEST_URI=/atem_R1/yii/yiip/index.php?r=yii
---
2013/05/08 09:20:30 [error] [exception.CDbException] exception 'CDbException' with message 'CDbConnection failed to open the DB connection: could not find driver' in /var/www/w1/atem_R1/yii/framework/db/CDbConnection.php:381
Stack trace:
#0 /var/www/w1/atem_R1/yii/framework/db/CDbConnection.php(330): CDbConnection->open()
#1 /var/www/w1/atem_R1/yii/framework/db/CDbConnection.php(308): CDbConnection->setActive(true)
#2 /var/www/w1/atem_R1/yii/framework/base/CModule.php(387): CDbConnection->init()
#3 /var/www/w1/atem_R1/yii/framework/base/CModule.php(103): CModule->getComponent('db')
#4 /var/www/w1/atem_R1/yii/framework/gii/generators/model/ModelCode.php(57): CModule->__get('db')
#5 /var/www/w1/atem_R1/yii/framework/web/CFormModel.php(39): ModelCode->init()
#6 /var/www/w1/atem_R1/yii/framework/gii/CCodeGenerator.php(153): CFormModel->__construct()
#7 /var/www/w1/atem_R1/yii/framework/gii/CCodeGenerator.php(63): CCodeGenerator->prepare()
#8 /var/www/w1/atem_R1/yii/framework/web/actions/CInlineAction.php(49): CCodeGenerator->actionIndex()
#9 /var/www/w1/atem_R1/yii/framework/web/CController.php(308): CInlineAction->runWithParams(Array)
#10 /var/www/w1/atem_R1/yii/framework/web/CController.php(286): CController->runAction(Object(CInlineAction))
#11 /var/www/w1/atem_R1/yii/framework/web/CController.php(265): CController->runActionWithFilters(Object(CInlineAction), Array)
#12 /var/www/w1/atem_R1/yii/framework/web/CWebApplication.php(282): CController->run('')
#13 /var/www/w1/atem_R1/yii/framework/web/CWebApplication.php(141): CWebApplication->runController('gii/model')
#14 /var/www/w1/atem_R1/yii/framework/base/CApplication.php(169): CWebApplication->processRequest()
#15 /var/www/w1/atem_R1/yii/yiip/index.php(13): CApplication->run()
#16 {main}
REQUEST_URI=/atem_R1/yii/yiip/index.php?r=gii/model
HTTP_REFERER=http://www.w1.com/atem_R1/yii/yiip/index.php?r=gii/default/index
---
2013/05/08 09:30:25 [error] [exception.CHttpException.404] exception 'CHttpException' with message 'Unable to resolve the request "user".' in /var/www/w1/atem_R1/yii/framework/web/CWebApplication.php:286
Stack trace:
#0 /var/www/w1/atem_R1/yii/framework/web/CWebApplication.php(141): CWebApplication->runController('user')
#1 /var/www/w1/atem_R1/yii/framework/base/CApplication.php(169): CWebApplication->processRequest()
#2 /var/www/w1/atem_R1/yii/yiip/index.php(13): CApplication->run()
#3 {main}
REQUEST_URI=/atem_R1/yii/yiip/index.php?r=user
---
2013/05/08 09:30:38 [error] [exception.CHttpException.404] exception 'CHttpException' with message 'Unable to resolve the request "Tbl_User".' in /var/www/w1/atem_R1/yii/framework/web/CWebApplication.php:286
Stack trace:
#0 /var/www/w1/atem_R1/yii/framework/web/CWebApplication.php(141): CWebApplication->runController('Tbl_User')
#1 /var/www/w1/atem_R1/yii/framework/base/CApplication.php(169): CWebApplication->processRequest()
#2 /var/www/w1/atem_R1/yii/yiip/index.php(13): CApplication->run()
#3 {main}
REQUEST_URI=/atem_R1/yii/yiip/index.php?r=Tbl_User
---
2013/05/08 09:36:02 [error] [exception.CHttpException.404] exception 'CHttpException' with message 'Unable to resolve the request "user/admin".' in /var/www/w1/atem_R1/yii/framework/web/CWebApplication.php:286
Stack trace:
#0 /var/www/w1/atem_R1/yii/framework/web/CWebApplication.php(141): CWebApplication->runController('user/admin')
#1 /var/www/w1/atem_R1/yii/framework/base/CApplication.php(169): CWebApplication->processRequest()
#2 /var/www/w1/atem_R1/yii/yiip/index.php(13): CApplication->run()
#3 {main}
REQUEST_URI=/atem_R1/yii/yiip/index.php?r=user/admin
---
2013/05/08 09:41:05 [error] [exception.CHttpException.404] exception 'CHttpException' with message 'Unable to resolve the request "post/show".' in /var/www/w1/atem_R1/yii/framework/web/CWebApplication.php:286
Stack trace:
#0 /var/www/w1/atem_R1/yii/framework/web/CWebApplication.php(141): CWebApplication->runController('post/show')
#1 /var/www/w1/atem_R1/yii/framework/base/CApplication.php(169): CWebApplication->processRequest()
#2 /var/www/w1/atem_R1/yii/yiip/index.php(13): CApplication->run()
#3 {main}
REQUEST_URI=/atem_R1/yii/yiip/index.php?r=post/show&id=1
---
2013/05/08 09:41:25 [error] [exception.CHttpException.404] exception 'CHttpException' with message 'Unable to resolve the request "post/show".' in /var/www/w1/atem_R1/yii/framework/web/CWebApplication.php:286
Stack trace:
#0 /var/www/w1/atem_R1/yii/framework/web/CWebApplication.php(141): CWebApplication->runController('post/show')
#1 /var/www/w1/atem_R1/yii/framework/base/CApplication.php(169): CWebApplication->processRequest()
#2 /var/www/w1/atem_R1/yii/yiip/index.php(13): CApplication->run()
#3 {main}
REQUEST_URI=/atem_R1/yii/yiip/index.php?r=post/show&id=1
---
2013/05/08 10:05:03 [error] [exception.CException] exception 'CException' with message 'TblUserController cannot find the requested view "iindex".' in /var/www/w1/atem_R1/yii/framework/web/CController.php:878
Stack trace:
#0 /var/www/w1/atem_R1/yii/framework/web/CController.php(782): CController->renderPartial('iindex', Array, true)
#1 /var/www/w1/atem_R1/yii/yiip/protected/controllers/TblUserController.php(128): CController->render('iindex', Array)
#2 /var/www/w1/atem_R1/yii/framework/web/actions/CInlineAction.php(49): TblUserController->actionIndex()
#3 /var/www/w1/atem_R1/yii/framework/web/CController.php(308): CInlineAction->runWithParams(Array)
#4 /var/www/w1/atem_R1/yii/framework/web/filters/CFilterChain.php(133): CController->runAction(Object(CInlineAction))
#5 /var/www/w1/atem_R1/yii/framework/web/filters/CFilter.php(40): CFilterChain->run()
#6 /var/www/w1/atem_R1/yii/framework/web/CController.php(1145): CFilter->filter(Object(CFilterChain))
#7 /var/www/w1/atem_R1/yii/framework/web/filters/CInlineFilter.php(58): CController->filterAccessControl(Object(CFilterChain))
#8 /var/www/w1/atem_R1/yii/framework/web/filters/CFilterChain.php(130): CInlineFilter->filter(Object(CFilterChain))
#9 /var/www/w1/atem_R1/yii/framework/web/CController.php(291): CFilterChain->run()
#10 /var/www/w1/atem_R1/yii/framework/web/CController.php(265): CController->runActionWithFilters(Object(CInlineAction), Array)
#11 /var/www/w1/atem_R1/yii/framework/web/CWebApplication.php(282): CController->run('')
#12 /var/www/w1/atem_R1/yii/framework/web/CWebApplication.php(141): CWebApplication->runController('tblUser')
#13 /var/www/w1/atem_R1/yii/framework/base/CApplication.php(169): CWebApplication->processRequest()
#14 /var/www/w1/atem_R1/yii/yiip/index.php(13): CApplication->run()
#15 {main}
REQUEST_URI=/atem_R1/yii/yiip/index.php?r=tblUser
---
2013/05/08 10:07:34 [error] [exception.CHttpException.404] exception 'CHttpException' with message 'The system is unable to find the requested action "_form".' in /var/www/w1/atem_R1/yii/framework/web/CController.php:483
Stack trace:
#0 /var/www/w1/atem_R1/yii/framework/web/CController.php(270): CController->missingAction('_form')
#1 /var/www/w1/atem_R1/yii/framework/web/CWebApplication.php(282): CController->run('_form')
#2 /var/www/w1/atem_R1/yii/framework/web/CWebApplication.php(141): CWebApplication->runController('tblUser/_form')
#3 /var/www/w1/atem_R1/yii/framework/base/CApplication.php(169): CWebApplication->processRequest()
#4 /var/www/w1/atem_R1/yii/yiip/index.php(13): CApplication->run()
#5 {main}
REQUEST_URI=/atem_R1/yii/yiip/index.php?r=tblUser/_form
---
2013/05/08 10:23:27 [error] [php] Undefined variable: ds (/var/www/w1/atem_R1/yii/yiip/protected/views/pruebax1/index.php:24)
Stack trace:
#0 /var/www/w1/atem_R1/yii/framework/web/CController.php(869): Pruebax1Controller->renderFile()
#1 /var/www/w1/atem_R1/yii/framework/web/CController.php(782): Pruebax1Controller->renderPartial()
#2 /var/www/w1/atem_R1/yii/yiip/protected/controllers/Pruebax1Controller.php(7): Pruebax1Controller->render()
#3 /var/www/w1/atem_R1/yii/framework/web/actions/CInlineAction.php(49): Pruebax1Controller->actionIndex()
#4 /var/www/w1/atem_R1/yii/framework/web/CController.php(308): CInlineAction->runWithParams()
#5 /var/www/w1/atem_R1/yii/framework/web/CController.php(286): Pruebax1Controller->runAction()
#6 /var/www/w1/atem_R1/yii/framework/web/CController.php(265): Pruebax1Controller->runActionWithFilters()
#7 /var/www/w1/atem_R1/yii/framework/web/CWebApplication.php(282): Pruebax1Controller->run()
#8 /var/www/w1/atem_R1/yii/framework/web/CWebApplication.php(141): CWebApplication->runController()
#9 /var/www/w1/atem_R1/yii/framework/base/CApplication.php(169): CWebApplication->processRequest()
#10 /var/www/w1/atem_R1/yii/yiip/index.php(13): CWebApplication->run()
REQUEST_URI=/atem_R1/yii/yiip/index.php?r=pruebax1
in /var/www/w1/atem_R1/yii/yiip/protected/views/pruebax1/index.php (24)
in /var/www/w1/atem_R1/yii/yiip/protected/controllers/Pruebax1Controller.php (7)
in /var/www/w1/atem_R1/yii/yiip/index.php (13)
2013/05/08 10:27:29 [error] [php] Object of class CDbConnection could not be converted to string (/var/www/w1/atem_R1/yii/yiip/protected/views/pruebax1/index.php:26)
Stack trace:
#0 /var/www/w1/atem_R1/yii/framework/web/CController.php(869): Pruebax1Controller->renderFile()
#1 /var/www/w1/atem_R1/yii/framework/web/CController.php(782): Pruebax1Controller->renderPartial()
#2 /var/www/w1/atem_R1/yii/yiip/protected/controllers/Pruebax1Controller.php(7): Pruebax1Controller->render()
#3 /var/www/w1/atem_R1/yii/framework/web/actions/CInlineAction.php(49): Pruebax1Controller->actionIndex()
#4 /var/www/w1/atem_R1/yii/framework/web/CController.php(308): CInlineAction->runWithParams()
#5 /var/www/w1/atem_R1/yii/framework/web/CController.php(286): Pruebax1Controller->runAction()
#6 /var/www/w1/atem_R1/yii/framework/web/CController.php(265): Pruebax1Controller->runActionWithFilters()
#7 /var/www/w1/atem_R1/yii/framework/web/CWebApplication.php(282): Pruebax1Controller->run()
#8 /var/www/w1/atem_R1/yii/framework/web/CWebApplication.php(141): CWebApplication->runController()
#9 /var/www/w1/atem_R1/yii/framework/base/CApplication.php(169): CWebApplication->processRequest()
#10 /var/www/w1/atem_R1/yii/yiip/index.php(13): CWebApplication->run()
REQUEST_URI=/atem_R1/yii/yiip/index.php?r=pruebax1
in /var/www/w1/atem_R1/yii/yiip/protected/views/pruebax1/index.php (26)
in /var/www/w1/atem_R1/yii/yiip/protected/controllers/Pruebax1Controller.php (7)
in /var/www/w1/atem_R1/yii/yiip/index.php (13)
2013/05/08 10:56:21 [error] [php] Undefined index: id (/var/www/w1/atem_R1/yii/yiip/protected/views/pruebax1/index.php:35)
Stack trace:
#0 /var/www/w1/atem_R1/yii/framework/web/CController.php(869): Pruebax1Controller->renderFile()
#1 /var/www/w1/atem_R1/yii/framework/web/CController.php(782): Pruebax1Controller->renderPartial()
#2 /var/www/w1/atem_R1/yii/yiip/protected/controllers/Pruebax1Controller.php(7): Pruebax1Controller->render()
#3 /var/www/w1/atem_R1/yii/framework/web/actions/CInlineAction.php(49): Pruebax1Controller->actionIndex()
#4 /var/www/w1/atem_R1/yii/framework/web/CController.php(308): CInlineAction->runWithParams()
#5 /var/www/w1/atem_R1/yii/framework/web/CController.php(286): Pruebax1Controller->runAction()
#6 /var/www/w1/atem_R1/yii/framework/web/CController.php(265): Pruebax1Controller->runActionWithFilters()
#7 /var/www/w1/atem_R1/yii/framework/web/CWebApplication.php(282): Pruebax1Controller->run()
#8 /var/www/w1/atem_R1/yii/framework/web/CWebApplication.php(141): CWebApplication->runController()
#9 /var/www/w1/atem_R1/yii/framework/base/CApplication.php(169): CWebApplication->processRequest()
#10 /var/www/w1/atem_R1/yii/yiip/index.php(13): CWebApplication->run()
REQUEST_URI=/atem_R1/yii/yiip/index.php?r=pruebax1
in /var/www/w1/atem_R1/yii/yiip/protected/views/pruebax1/index.php (35)
in /var/www/w1/atem_R1/yii/yiip/protected/controllers/Pruebax1Controller.php (7)
in /var/www/w1/atem_R1/yii/yiip/index.php (13)
2013/05/08 11:04:15 [error] [exception.CException] exception 'CException' with message 'Property "Pruebax1Controller.TblUser" is not defined.' in /var/www/w1/atem_R1/yii/framework/base/CComponent.php:130
Stack trace:
#0 /var/www/w1/atem_R1/yii/yiip/protected/views/pruebax1/index.php(47): CComponent->__get('TblUser')
#1 /var/www/w1/atem_R1/yii/framework/web/CBaseController.php(126): require('/var/www/w1/ate...')
#2 /var/www/w1/atem_R1/yii/framework/web/CBaseController.php(95): CBaseController->renderInternal('/var/www/w1/ate...', NULL, true)
#3 /var/www/w1/atem_R1/yii/framework/web/CController.php(869): CBaseController->renderFile('/var/www/w1/ate...', NULL, true)
#4 /var/www/w1/atem_R1/yii/framework/web/CController.php(782): CController->renderPartial('index', NULL, true)
#5 /var/www/w1/atem_R1/yii/yiip/protected/controllers/Pruebax1Controller.php(7): CController->render('index')
#6 /var/www/w1/atem_R1/yii/framework/web/actions/CInlineAction.php(49): Pruebax1Controller->actionIndex()
#7 /var/www/w1/atem_R1/yii/framework/web/CController.php(308): CInlineAction->runWithParams(Array)
#8 /var/www/w1/atem_R1/yii/framework/web/CController.php(286): CController->runAction(Object(CInlineAction))
#9 /var/www/w1/atem_R1/yii/framework/web/CController.php(265): CController->runActionWithFilters(Object(CInlineAction), Array)
#10 /var/www/w1/atem_R1/yii/framework/web/CWebApplication.php(282): CController->run('')
#11 /var/www/w1/atem_R1/yii/framework/web/CWebApplication.php(141): CWebApplication->runController('pruebax1')
#12 /var/www/w1/atem_R1/yii/framework/base/CApplication.php(169): CWebApplication->processRequest()
#13 /var/www/w1/atem_R1/yii/yiip/index.php(13): CApplication->run()
#14 {main}
REQUEST_URI=/atem_R1/yii/yiip/index.php?r=pruebax1
---
2013/05/08 11:04:19 [error] [exception.CException] exception 'CException' with message 'Pruebax1Controller and its behaviors do not have a method or closure named "TblUser".' in /var/www/w1/atem_R1/yii/framework/base/CComponent.php:265
Stack trace:
#0 /var/www/w1/atem_R1/yii/yiip/protected/views/pruebax1/index.php(47): CComponent->__call('TblUser', Array)
#1 /var/www/w1/atem_R1/yii/yiip/protected/views/pruebax1/index.php(47): Pruebax1Controller->TblUser()
#2 /var/www/w1/atem_R1/yii/framework/web/CBaseController.php(126): require('/var/www/w1/ate...')
#3 /var/www/w1/atem_R1/yii/framework/web/CBaseController.php(95): CBaseController->renderInternal('/var/www/w1/ate...', NULL, true)
#4 /var/www/w1/atem_R1/yii/framework/web/CController.php(869): CBaseController->renderFile('/var/www/w1/ate...', NULL, true)
#5 /var/www/w1/atem_R1/yii/framework/web/CController.php(782): CController->renderPartial('index', NULL, true)
#6 /var/www/w1/atem_R1/yii/yiip/protected/controllers/Pruebax1Controller.php(7): CController->render('index')
#7 /var/www/w1/atem_R1/yii/framework/web/actions/CInlineAction.php(49): Pruebax1Controller->actionIndex()
#8 /var/www/w1/atem_R1/yii/framework/web/CController.php(308): CInlineAction->runWithParams(Array)
#9 /var/www/w1/atem_R1/yii/framework/web/CController.php(286): CController->runAction(Object(CInlineAction))
#10 /var/www/w1/atem_R1/yii/framework/web/CController.php(265): CController->runActionWithFilters(Object(CInlineAction), Array)
#11 /var/www/w1/atem_R1/yii/framework/web/CWebApplication.php(282): CController->run('')
#12 /var/www/w1/atem_R1/yii/framework/web/CWebApplication.php(141): CWebApplication->runController('pruebax1')
#13 /var/www/w1/atem_R1/yii/framework/base/CApplication.php(169): CWebApplication->processRequest()
#14 /var/www/w1/atem_R1/yii/yiip/index.php(13): CApplication->run()
#15 {main}
REQUEST_URI=/atem_R1/yii/yiip/index.php?r=pruebax1
---
2013/05/08 11:04:33 [error] [exception.CException] exception 'CException' with message 'Property "CWebApplication.TblUser" is not defined.' in /var/www/w1/atem_R1/yii/framework/base/CComponent.php:130
Stack trace:
#0 /var/www/w1/atem_R1/yii/framework/base/CModule.php(105): CComponent->__get('TblUser')
#1 /var/www/w1/atem_R1/yii/yiip/protected/views/pruebax1/index.php(47): CModule->__get('TblUser')
#2 /var/www/w1/atem_R1/yii/framework/web/CBaseController.php(126): require('/var/www/w1/ate...')
#3 /var/www/w1/atem_R1/yii/framework/web/CBaseController.php(95): CBaseController->renderInternal('/var/www/w1/ate...', NULL, true)
#4 /var/www/w1/atem_R1/yii/framework/web/CController.php(869): CBaseController->renderFile('/var/www/w1/ate...', NULL, true)
#5 /var/www/w1/atem_R1/yii/framework/web/CController.php(782): CController->renderPartial('index', NULL, true)
#6 /var/www/w1/atem_R1/yii/yiip/protected/controllers/Pruebax1Controller.php(7): CController->render('index')
#7 /var/www/w1/atem_R1/yii/framework/web/actions/CInlineAction.php(49): Pruebax1Controller->actionIndex()
#8 /var/www/w1/atem_R1/yii/framework/web/CController.php(308): CInlineAction->runWithParams(Array)
#9 /var/www/w1/atem_R1/yii/framework/web/CController.php(286): CController->runAction(Object(CInlineAction))
#10 /var/www/w1/atem_R1/yii/framework/web/CController.php(265): CController->runActionWithFilters(Object(CInlineAction), Array)
#11 /var/www/w1/atem_R1/yii/framework/web/CWebApplication.php(282): CController->run('')
#12 /var/www/w1/atem_R1/yii/framework/web/CWebApplication.php(141): CWebApplication->runController('pruebax1')
#13 /var/www/w1/atem_R1/yii/framework/base/CApplication.php(169): CWebApplication->processRequest()
#14 /var/www/w1/atem_R1/yii/yiip/index.php(13): CApplication->run()
#15 {main}
REQUEST_URI=/atem_R1/yii/yiip/index.php?r=pruebax1
---
2013/05/08 11:04:36 [error] [exception.CException] exception 'CException' with message 'Property "CWebApplication.TblUser" is not defined.' in /var/www/w1/atem_R1/yii/framework/base/CComponent.php:130
Stack trace:
#0 /var/www/w1/atem_R1/yii/framework/base/CModule.php(105): CComponent->__get('TblUser')
#1 /var/www/w1/atem_R1/yii/yiip/protected/views/pruebax1/index.php(47): CModule->__get('TblUser')
#2 /var/www/w1/atem_R1/yii/framework/web/CBaseController.php(126): require('/var/www/w1/ate...')
#3 /var/www/w1/atem_R1/yii/framework/web/CBaseController.php(95): CBaseController->renderInternal('/var/www/w1/ate...', NULL, true)
#4 /var/www/w1/atem_R1/yii/framework/web/CController.php(869): CBaseController->renderFile('/var/www/w1/ate...', NULL, true)
#5 /var/www/w1/atem_R1/yii/framework/web/CController.php(782): CController->renderPartial('index', NULL, true)
#6 /var/www/w1/atem_R1/yii/yiip/protected/controllers/Pruebax1Controller.php(7): CController->render('index')
#7 /var/www/w1/atem_R1/yii/framework/web/actions/CInlineAction.php(49): Pruebax1Controller->actionIndex()
#8 /var/www/w1/atem_R1/yii/framework/web/CController.php(308): CInlineAction->runWithParams(Array)
#9 /var/www/w1/atem_R1/yii/framework/web/CController.php(286): CController->runAction(Object(CInlineAction))
#10 /var/www/w1/atem_R1/yii/framework/web/CController.php(265): CController->runActionWithFilters(Object(CInlineAction), Array)
#11 /var/www/w1/atem_R1/yii/framework/web/CWebApplication.php(282): CController->run('')
#12 /var/www/w1/atem_R1/yii/framework/web/CWebApplication.php(141): CWebApplication->runController('pruebax1')
#13 /var/www/w1/atem_R1/yii/framework/base/CApplication.php(169): CWebApplication->processRequest()
#14 /var/www/w1/atem_R1/yii/yiip/index.php(13): CApplication->run()
#15 {main}
REQUEST_URI=/atem_R1/yii/yiip/index.php?r=pruebax1
---
2013/05/08 11:06:46 [error] [exception.CException] exception 'CException' with message 'Property "CWebApplication.TblUser" is not defined.' in /var/www/w1/atem_R1/yii/framework/base/CComponent.php:130
Stack trace:
#0 /var/www/w1/atem_R1/yii/framework/base/CModule.php(105): CComponent->__get('TblUser')
#1 /var/www/w1/atem_R1/yii/yiip/protected/views/pruebax1/index.php(47): CModule->__get('TblUser')
#2 /var/www/w1/atem_R1/yii/framework/web/CBaseController.php(126): require('/var/www/w1/ate...')
#3 /var/www/w1/atem_R1/yii/framework/web/CBaseController.php(95): CBaseController->renderInternal('/var/www/w1/ate...', NULL, true)
#4 /var/www/w1/atem_R1/yii/framework/web/CController.php(869): CBaseController->renderFile('/var/www/w1/ate...', NULL, true)
#5 /var/www/w1/atem_R1/yii/framework/web/CController.php(782): CController->renderPartial('index', NULL, true)
#6 /var/www/w1/atem_R1/yii/yiip/protected/controllers/Pruebax1Controller.php(7): CController->render('index')
#7 /var/www/w1/atem_R1/yii/framework/web/actions/CInlineAction.php(49): Pruebax1Controller->actionIndex()
#8 /var/www/w1/atem_R1/yii/framework/web/CController.php(308): CInlineAction->runWithParams(Array)
#9 /var/www/w1/atem_R1/yii/framework/web/CController.php(286): CController->runAction(Object(CInlineAction))
#10 /var/www/w1/atem_R1/yii/framework/web/CController.php(265): CController->runActionWithFilters(Object(CInlineAction), Array)
#11 /var/www/w1/atem_R1/yii/framework/web/CWebApplication.php(282): CController->run('')
#12 /var/www/w1/atem_R1/yii/framework/web/CWebApplication.php(141): CWebApplication->runController('pruebax1')
#13 /var/www/w1/atem_R1/yii/framework/base/CApplication.php(169): CWebApplication->processRequest()
#14 /var/www/w1/atem_R1/yii/yiip/index.php(13): CApplication->run()
#15 {main}
REQUEST_URI=/atem_R1/yii/yiip/index.php?r=pruebax1
---
2013/05/08 11:23:34 [error] [php] include(Post.php): failed to open stream: No such file or directory (/var/www/w1/atem_R1/yii/framework/YiiBase.php:421)
Stack trace:
#0 /var/www/w1/atem_R1/yii/yiip/protected/views/pruebax1/index.php(50): spl_autoload_call()
#1 /var/www/w1/atem_R1/yii/framework/web/CBaseController.php(126): require()
#2 /var/www/w1/atem_R1/yii/framework/web/CBaseController.php(95): Pruebax1Controller->renderInternal()
#3 /var/www/w1/atem_R1/yii/framework/web/CController.php(869): Pruebax1Controller->renderFile()
#4 /var/www/w1/atem_R1/yii/framework/web/CController.php(782): Pruebax1Controller->renderPartial()
#5 /var/www/w1/atem_R1/yii/yiip/protected/controllers/Pruebax1Controller.php(7): Pruebax1Controller->render()
#6 /var/www/w1/atem_R1/yii/framework/web/actions/CInlineAction.php(49): Pruebax1Controller->actionIndex()
#7 /var/www/w1/atem_R1/yii/framework/web/CController.php(308): CInlineAction->runWithParams()
#8 /var/www/w1/atem_R1/yii/framework/web/CController.php(286): Pruebax1Controller->runAction()
#9 /var/www/w1/atem_R1/yii/framework/web/CController.php(265): Pruebax1Controller->runActionWithFilters()
#10 /var/www/w1/atem_R1/yii/framework/web/CWebApplication.php(282): Pruebax1Controller->run()
#11 /var/www/w1/atem_R1/yii/framework/web/CWebApplication.php(141): CWebApplication->runController()
#12 /var/www/w1/atem_R1/yii/framework/base/CApplication.php(169): CWebApplication->processRequest()
#13 /var/www/w1/atem_R1/yii/yiip/index.php(13): CWebApplication->run()
REQUEST_URI=/atem_R1/yii/yiip/index.php?r=pruebax1
in /var/www/w1/atem_R1/yii/yiip/protected/views/pruebax1/index.php (50)
in /var/www/w1/atem_R1/yii/yiip/protected/controllers/Pruebax1Controller.php (7)
in /var/www/w1/atem_R1/yii/yiip/index.php (13)
2013/05/08 11:39:44 [error] [php] simplexml_load_file(): I/O warning : failed to load external entity &quot;test.xml&quot; (/var/www/w1/atem_R1/yii/yiip/protected/views/site/index.php:27)
Stack trace:
#0 /var/www/w1/atem_R1/yii/framework/web/CBaseController.php(95): SiteController->renderInternal()
#1 /var/www/w1/atem_R1/yii/framework/web/CController.php(869): SiteController->renderFile()
#2 /var/www/w1/atem_R1/yii/framework/web/CController.php(782): SiteController->renderPartial()
#3 /var/www/w1/atem_R1/yii/yiip/protected/controllers/SiteController.php(32): SiteController->render()
#4 /var/www/w1/atem_R1/yii/framework/web/actions/CInlineAction.php(49): SiteController->actionIndex()
#5 /var/www/w1/atem_R1/yii/framework/web/CController.php(308): CInlineAction->runWithParams()
#6 /var/www/w1/atem_R1/yii/framework/web/CController.php(286): SiteController->runAction()
#7 /var/www/w1/atem_R1/yii/framework/web/CController.php(265): SiteController->runActionWithFilters()
#8 /var/www/w1/atem_R1/yii/framework/web/CWebApplication.php(282): SiteController->run()
#9 /var/www/w1/atem_R1/yii/framework/web/CWebApplication.php(141): CWebApplication->runController()
#10 /var/www/w1/atem_R1/yii/framework/base/CApplication.php(169): CWebApplication->processRequest()
#11 /var/www/w1/atem_R1/yii/yiip/index.php(13): CWebApplication->run()
REQUEST_URI=/atem_R1/yii/yiip/index.php?r=site/index
in /var/www/w1/atem_R1/yii/yiip/protected/views/site/index.php (27)
in /var/www/w1/atem_R1/yii/yiip/protected/controllers/SiteController.php (32)
in /var/www/w1/atem_R1/yii/yiip/index.php (13)
2013/05/08 11:40:30 [error] [php] simplexml_load_file(): I/O warning : failed to load external entity &quot;test.xml&quot; (/var/www/w1/atem_R1/yii/yiip/protected/views/site/index.php:27)
Stack trace:
#0 /var/www/w1/atem_R1/yii/framework/web/CBaseController.php(95): SiteController->renderInternal()
#1 /var/www/w1/atem_R1/yii/framework/web/CController.php(869): SiteController->renderFile()
#2 /var/www/w1/atem_R1/yii/framework/web/CController.php(782): SiteController->renderPartial()
#3 /var/www/w1/atem_R1/yii/yiip/protected/controllers/SiteController.php(32): SiteController->render()
#4 /var/www/w1/atem_R1/yii/framework/web/actions/CInlineAction.php(49): SiteController->actionIndex()
#5 /var/www/w1/atem_R1/yii/framework/web/CController.php(308): CInlineAction->runWithParams()
#6 /var/www/w1/atem_R1/yii/framework/web/CController.php(286): SiteController->runAction()
#7 /var/www/w1/atem_R1/yii/framework/web/CController.php(265): SiteController->runActionWithFilters()
#8 /var/www/w1/atem_R1/yii/framework/web/CWebApplication.php(282): SiteController->run()
#9 /var/www/w1/atem_R1/yii/framework/web/CWebApplication.php(141): CWebApplication->runController()
#10 /var/www/w1/atem_R1/yii/framework/base/CApplication.php(169): CWebApplication->processRequest()
#11 /var/www/w1/atem_R1/yii/yiip/index.php(13): CWebApplication->run()
REQUEST_URI=/atem_R1/yii/yiip/index.php?r=site/index
in /var/www/w1/atem_R1/yii/yiip/protected/views/site/index.php (27)
in /var/www/w1/atem_R1/yii/yiip/protected/controllers/SiteController.php (32)
in /var/www/w1/atem_R1/yii/yiip/index.php (13)
2013/05/08 11:40:31 [error] [php] simplexml_load_file(): I/O warning : failed to load external entity &quot;test.xml&quot; (/var/www/w1/atem_R1/yii/yiip/protected/views/site/index.php:27)
Stack trace:
#0 /var/www/w1/atem_R1/yii/framework/web/CBaseController.php(95): SiteController->renderInternal()
#1 /var/www/w1/atem_R1/yii/framework/web/CController.php(869): SiteController->renderFile()
#2 /var/www/w1/atem_R1/yii/framework/web/CController.php(782): SiteController->renderPartial()
#3 /var/www/w1/atem_R1/yii/yiip/protected/controllers/SiteController.php(32): SiteController->render()
#4 /var/www/w1/atem_R1/yii/framework/web/actions/CInlineAction.php(49): SiteController->actionIndex()
#5 /var/www/w1/atem_R1/yii/framework/web/CController.php(308): CInlineAction->runWithParams()
#6 /var/www/w1/atem_R1/yii/framework/web/CController.php(286): SiteController->runAction()
#7 /var/www/w1/atem_R1/yii/framework/web/CController.php(265): SiteController->runActionWithFilters()
#8 /var/www/w1/atem_R1/yii/framework/web/CWebApplication.php(282): SiteController->run()
#9 /var/www/w1/atem_R1/yii/framework/web/CWebApplication.php(141): CWebApplication->runController()
#10 /var/www/w1/atem_R1/yii/framework/base/CApplication.php(169): CWebApplication->processRequest()
#11 /var/www/w1/atem_R1/yii/yiip/index.php(13): CWebApplication->run()
REQUEST_URI=/atem_R1/yii/yiip/index.php?r=site/index
in /var/www/w1/atem_R1/yii/yiip/protected/views/site/index.php (27)
in /var/www/w1/atem_R1/yii/yiip/protected/controllers/SiteController.php (32)
in /var/www/w1/atem_R1/yii/yiip/index.php (13)
2013/05/08 11:40:31 [error] [php] simplexml_load_file(): I/O warning : failed to load external entity &quot;test.xml&quot; (/var/www/w1/atem_R1/yii/yiip/protected/views/site/index.php:27)
Stack trace:
#0 /var/www/w1/atem_R1/yii/framework/web/CBaseController.php(95): SiteController->renderInternal()
#1 /var/www/w1/atem_R1/yii/framework/web/CController.php(869): SiteController->renderFile()
#2 /var/www/w1/atem_R1/yii/framework/web/CController.php(782): SiteController->renderPartial()
#3 /var/www/w1/atem_R1/yii/yiip/protected/controllers/SiteController.php(32): SiteController->render()
#4 /var/www/w1/atem_R1/yii/framework/web/actions/CInlineAction.php(49): SiteController->actionIndex()
#5 /var/www/w1/atem_R1/yii/framework/web/CController.php(308): CInlineAction->runWithParams()
#6 /var/www/w1/atem_R1/yii/framework/web/CController.php(286): SiteController->runAction()
#7 /var/www/w1/atem_R1/yii/framework/web/CController.php(265): SiteController->runActionWithFilters()
#8 /var/www/w1/atem_R1/yii/framework/web/CWebApplication.php(282): SiteController->run()
#9 /var/www/w1/atem_R1/yii/framework/web/CWebApplication.php(141): CWebApplication->runController()
#10 /var/www/w1/atem_R1/yii/framework/base/CApplication.php(169): CWebApplication->processRequest()
#11 /var/www/w1/atem_R1/yii/yiip/index.php(13): CWebApplication->run()
REQUEST_URI=/atem_R1/yii/yiip/index.php?r=site/index
in /var/www/w1/atem_R1/yii/yiip/protected/views/site/index.php (27)
in /var/www/w1/atem_R1/yii/yiip/protected/controllers/SiteController.php (32)
in /var/www/w1/atem_R1/yii/yiip/index.php (13)
2013/05/08 11:40:32 [error] [php] simplexml_load_file(): I/O warning : failed to load external entity &quot;test.xml&quot; (/var/www/w1/atem_R1/yii/yiip/protected/views/site/index.php:27)
Stack trace:
#0 /var/www/w1/atem_R1/yii/framework/web/CBaseController.php(95): SiteController->renderInternal()
#1 /var/www/w1/atem_R1/yii/framework/web/CController.php(869): SiteController->renderFile()
#2 /var/www/w1/atem_R1/yii/framework/web/CController.php(782): SiteController->renderPartial()
#3 /var/www/w1/atem_R1/yii/yiip/protected/controllers/SiteController.php(32): SiteController->render()
#4 /var/www/w1/atem_R1/yii/framework/web/actions/CInlineAction.php(49): SiteController->actionIndex()
#5 /var/www/w1/atem_R1/yii/framework/web/CController.php(308): CInlineAction->runWithParams()
#6 /var/www/w1/atem_R1/yii/framework/web/CController.php(286): SiteController->runAction()
#7 /var/www/w1/atem_R1/yii/framework/web/CController.php(265): SiteController->runActionWithFilters()
#8 /var/www/w1/atem_R1/yii/framework/web/CWebApplication.php(282): SiteController->run()
#9 /var/www/w1/atem_R1/yii/framework/web/CWebApplication.php(141): CWebApplication->runController()
#10 /var/www/w1/atem_R1/yii/framework/base/CApplication.php(169): CWebApplication->processRequest()
#11 /var/www/w1/atem_R1/yii/yiip/index.php(13): CWebApplication->run()
REQUEST_URI=/atem_R1/yii/yiip/index.php?r=site/index
in /var/www/w1/atem_R1/yii/yiip/protected/views/site/index.php (27)
in /var/www/w1/atem_R1/yii/yiip/protected/controllers/SiteController.php (32)
in /var/www/w1/atem_R1/yii/yiip/index.php (13)
2013/05/08 11:40:32 [error] [php] simplexml_load_file(): I/O warning : failed to load external entity &quot;test.xml&quot; (/var/www/w1/atem_R1/yii/yiip/protected/views/site/index.php:27)
Stack trace:
#0 /var/www/w1/atem_R1/yii/framework/web/CBaseController.php(95): SiteController->renderInternal()
#1 /var/www/w1/atem_R1/yii/framework/web/CController.php(869): SiteController->renderFile()
#2 /var/www/w1/atem_R1/yii/framework/web/CController.php(782): SiteController->renderPartial()
#3 /var/www/w1/atem_R1/yii/yiip/protected/controllers/SiteController.php(32): SiteController->render()
#4 /var/www/w1/atem_R1/yii/framework/web/actions/CInlineAction.php(49): SiteController->actionIndex()
#5 /var/www/w1/atem_R1/yii/framework/web/CController.php(308): CInlineAction->runWithParams()
#6 /var/www/w1/atem_R1/yii/framework/web/CController.php(286): SiteController->runAction()
#7 /var/www/w1/atem_R1/yii/framework/web/CController.php(265): SiteController->runActionWithFilters()
#8 /var/www/w1/atem_R1/yii/framework/web/CWebApplication.php(282): SiteController->run()
#9 /var/www/w1/atem_R1/yii/framework/web/CWebApplication.php(141): CWebApplication->runController()
#10 /var/www/w1/atem_R1/yii/framework/base/CApplication.php(169): CWebApplication->processRequest()
#11 /var/www/w1/atem_R1/yii/yiip/index.php(13): CWebApplication->run()
REQUEST_URI=/atem_R1/yii/yiip/index.php?r=site/index
in /var/www/w1/atem_R1/yii/yiip/protected/views/site/index.php (27)
in /var/www/w1/atem_R1/yii/yiip/protected/controllers/SiteController.php (32)
in /var/www/w1/atem_R1/yii/yiip/index.php (13)
2013/05/08 11:40:32 [error] [php] simplexml_load_file(): I/O warning : failed to load external entity &quot;test.xml&quot; (/var/www/w1/atem_R1/yii/yiip/protected/views/site/index.php:27)
Stack trace:
#0 /var/www/w1/atem_R1/yii/framework/web/CBaseController.php(95): SiteController->renderInternal()
#1 /var/www/w1/atem_R1/yii/framework/web/CController.php(869): SiteController->renderFile()
#2 /var/www/w1/atem_R1/yii/framework/web/CController.php(782): SiteController->renderPartial()
#3 /var/www/w1/atem_R1/yii/yiip/protected/controllers/SiteController.php(32): SiteController->render()
#4 /var/www/w1/atem_R1/yii/framework/web/actions/CInlineAction.php(49): SiteController->actionIndex()
#5 /var/www/w1/atem_R1/yii/framework/web/CController.php(308): CInlineAction->runWithParams()
#6 /var/www/w1/atem_R1/yii/framework/web/CController.php(286): SiteController->runAction()
#7 /var/www/w1/atem_R1/yii/framework/web/CController.php(265): SiteController->runActionWithFilters()
#8 /var/www/w1/atem_R1/yii/framework/web/CWebApplication.php(282): SiteController->run()
#9 /var/www/w1/atem_R1/yii/framework/web/CWebApplication.php(141): CWebApplication->runController()
#10 /var/www/w1/atem_R1/yii/framework/base/CApplication.php(169): CWebApplication->processRequest()
#11 /var/www/w1/atem_R1/yii/yiip/index.php(13): CWebApplication->run()
REQUEST_URI=/atem_R1/yii/yiip/index.php?r=site/index
in /var/www/w1/atem_R1/yii/yiip/protected/views/site/index.php (27)
in /var/www/w1/atem_R1/yii/yiip/protected/controllers/SiteController.php (32)
in /var/www/w1/atem_R1/yii/yiip/index.php (13)
2013/05/08 11:40:32 [error] [php] simplexml_load_file(): I/O warning : failed to load external entity &quot;test.xml&quot; (/var/www/w1/atem_R1/yii/yiip/protected/views/site/index.php:27)
Stack trace:
#0 /var/www/w1/atem_R1/yii/framework/web/CBaseController.php(95): SiteController->renderInternal()
#1 /var/www/w1/atem_R1/yii/framework/web/CController.php(869): SiteController->renderFile()
#2 /var/www/w1/atem_R1/yii/framework/web/CController.php(782): SiteController->renderPartial()
#3 /var/www/w1/atem_R1/yii/yiip/protected/controllers/SiteController.php(32): SiteController->render()
#4 /var/www/w1/atem_R1/yii/framework/web/actions/CInlineAction.php(49): SiteController->actionIndex()
#5 /var/www/w1/atem_R1/yii/framework/web/CController.php(308): CInlineAction->runWithParams()
#6 /var/www/w1/atem_R1/yii/framework/web/CController.php(286): SiteController->runAction()
#7 /var/www/w1/atem_R1/yii/framework/web/CController.php(265): SiteController->runActionWithFilters()
#8 /var/www/w1/atem_R1/yii/framework/web/CWebApplication.php(282): SiteController->run()
#9 /var/www/w1/atem_R1/yii/framework/web/CWebApplication.php(141): CWebApplication->runController()
#10 /var/www/w1/atem_R1/yii/framework/base/CApplication.php(169): CWebApplication->processRequest()
#11 /var/www/w1/atem_R1/yii/yiip/index.php(13): CWebApplication->run()
REQUEST_URI=/atem_R1/yii/yiip/index.php?r=site/index
in /var/www/w1/atem_R1/yii/yiip/protected/views/site/index.php (27)
in /var/www/w1/atem_R1/yii/yiip/protected/controllers/SiteController.php (32)
in /var/www/w1/atem_R1/yii/yiip/index.php (13)
2013/05/08 11:40:32 [error] [php] simplexml_load_file(): I/O warning : failed to load external entity &quot;test.xml&quot; (/var/www/w1/atem_R1/yii/yiip/protected/views/site/index.php:27)
Stack trace:
#0 /var/www/w1/atem_R1/yii/framework/web/CBaseController.php(95): SiteController->renderInternal()
#1 /var/www/w1/atem_R1/yii/framework/web/CController.php(869): SiteController->renderFile()
#2 /var/www/w1/atem_R1/yii/framework/web/CController.php(782): SiteController->renderPartial()
#3 /var/www/w1/atem_R1/yii/yiip/protected/controllers/SiteController.php(32): SiteController->render()
#4 /var/www/w1/atem_R1/yii/framework/web/actions/CInlineAction.php(49): SiteController->actionIndex()
#5 /var/www/w1/atem_R1/yii/framework/web/CController.php(308): CInlineAction->runWithParams()
#6 /var/www/w1/atem_R1/yii/framework/web/CController.php(286): SiteController->runAction()
#7 /var/www/w1/atem_R1/yii/framework/web/CController.php(265): SiteController->runActionWithFilters()
#8 /var/www/w1/atem_R1/yii/framework/web/CWebApplication.php(282): SiteController->run()
#9 /var/www/w1/atem_R1/yii/framework/web/CWebApplication.php(141): CWebApplication->runController()
#10 /var/www/w1/atem_R1/yii/framework/base/CApplication.php(169): CWebApplication->processRequest()
#11 /var/www/w1/atem_R1/yii/yiip/index.php(13): CWebApplication->run()
REQUEST_URI=/atem_R1/yii/yiip/index.php?r=site/index
in /var/www/w1/atem_R1/yii/yiip/protected/views/site/index.php (27)
in /var/www/w1/atem_R1/yii/yiip/protected/controllers/SiteController.php (32)
in /var/www/w1/atem_R1/yii/yiip/index.php (13)
2013/05/08 11:41:49 [error] [php] simplexml_load_file(): I/O warning : failed to load external entity &quot;test.xml&quot; (/var/www/w1/atem_R1/yii/yiip/protected/views/site/index.php:27)
Stack trace:
#0 /var/www/w1/atem_R1/yii/framework/web/CBaseController.php(95): SiteController->renderInternal()
#1 /var/www/w1/atem_R1/yii/framework/web/CController.php(869): SiteController->renderFile()
#2 /var/www/w1/atem_R1/yii/framework/web/CController.php(782): SiteController->renderPartial()
#3 /var/www/w1/atem_R1/yii/yiip/protected/controllers/SiteController.php(32): SiteController->render()
#4 /var/www/w1/atem_R1/yii/framework/web/actions/CInlineAction.php(49): SiteController->actionIndex()
#5 /var/www/w1/atem_R1/yii/framework/web/CController.php(308): CInlineAction->runWithParams()
#6 /var/www/w1/atem_R1/yii/framework/web/CController.php(286): SiteController->runAction()
#7 /var/www/w1/atem_R1/yii/framework/web/CController.php(265): SiteController->runActionWithFilters()
#8 /var/www/w1/atem_R1/yii/framework/web/CWebApplication.php(282): SiteController->run()
#9 /var/www/w1/atem_R1/yii/framework/web/CWebApplication.php(141): CWebApplication->runController()
#10 /var/www/w1/atem_R1/yii/framework/base/CApplication.php(169): CWebApplication->processRequest()
#11 /var/www/w1/atem_R1/yii/yiip/index.php(13): CWebApplication->run()
REQUEST_URI=/atem_R1/yii/yiip/index.php?r=site/index
in /var/www/w1/atem_R1/yii/yiip/protected/views/site/index.php (27)
in /var/www/w1/atem_R1/yii/yiip/protected/controllers/SiteController.php (32)
in /var/www/w1/atem_R1/yii/yiip/index.php (13)
2013/05/08 11:42:58 [error] [php] simplexml_load_file(): I/O warning : failed to load external entity &quot;test.xml&quot; (/var/www/w1/atem_R1/yii/yiip/protected/views/site/index.php:27)
Stack trace:
#0 /var/www/w1/atem_R1/yii/framework/web/CBaseController.php(95): SiteController->renderInternal()
#1 /var/www/w1/atem_R1/yii/framework/web/CController.php(869): SiteController->renderFile()
#2 /var/www/w1/atem_R1/yii/framework/web/CController.php(782): SiteController->renderPartial()
#3 /var/www/w1/atem_R1/yii/yiip/protected/controllers/SiteController.php(32): SiteController->render()
#4 /var/www/w1/atem_R1/yii/framework/web/actions/CInlineAction.php(49): SiteController->actionIndex()
#5 /var/www/w1/atem_R1/yii/framework/web/CController.php(308): CInlineAction->runWithParams()
#6 /var/www/w1/atem_R1/yii/framework/web/CController.php(286): SiteController->runAction()
#7 /var/www/w1/atem_R1/yii/framework/web/CController.php(265): SiteController->runActionWithFilters()
#8 /var/www/w1/atem_R1/yii/framework/web/CWebApplication.php(282): SiteController->run()
#9 /var/www/w1/atem_R1/yii/framework/web/CWebApplication.php(141): CWebApplication->runController()
#10 /var/www/w1/atem_R1/yii/framework/base/CApplication.php(169): CWebApplication->processRequest()
#11 /var/www/w1/atem_R1/yii/yiip/index.php(13): CWebApplication->run()
REQUEST_URI=/atem_R1/yii/yiip/index.php?r=site/index
in /var/www/w1/atem_R1/yii/yiip/protected/views/site/index.php (27)
in /var/www/w1/atem_R1/yii/yiip/protected/controllers/SiteController.php (32)
in /var/www/w1/atem_R1/yii/yiip/index.php (13)
2013/05/08 11:43:07 [error] [php] simplexml_load_file(): I/O warning : failed to load external entity &quot;test.xml&quot; (/var/www/w1/atem_R1/yii/yiip/protected/views/site/index.php:27)
Stack trace:
#0 /var/www/w1/atem_R1/yii/framework/web/CBaseController.php(95): SiteController->renderInternal()
#1 /var/www/w1/atem_R1/yii/framework/web/CController.php(869): SiteController->renderFile()
#2 /var/www/w1/atem_R1/yii/framework/web/CController.php(782): SiteController->renderPartial()
#3 /var/www/w1/atem_R1/yii/yiip/protected/controllers/SiteController.php(32): SiteController->render()
#4 /var/www/w1/atem_R1/yii/framework/web/actions/CInlineAction.php(49): SiteController->actionIndex()
#5 /var/www/w1/atem_R1/yii/framework/web/CController.php(308): CInlineAction->runWithParams()
#6 /var/www/w1/atem_R1/yii/framework/web/CController.php(286): SiteController->runAction()
#7 /var/www/w1/atem_R1/yii/framework/web/CController.php(265): SiteController->runActionWithFilters()
#8 /var/www/w1/atem_R1/yii/framework/web/CWebApplication.php(282): SiteController->run()
#9 /var/www/w1/atem_R1/yii/framework/web/CWebApplication.php(141): CWebApplication->runController()
#10 /var/www/w1/atem_R1/yii/framework/base/CApplication.php(169): CWebApplication->processRequest()
#11 /var/www/w1/atem_R1/yii/yiip/index.php(13): CWebApplication->run()
REQUEST_URI=/atem_R1/yii/yiip/index.php?r=site/index
in /var/www/w1/atem_R1/yii/yiip/protected/views/site/index.php (27)
in /var/www/w1/atem_R1/yii/yiip/protected/controllers/SiteController.php (32)
in /var/www/w1/atem_R1/yii/yiip/index.php (13)
2013/05/08 11:43:11 [error] [php] simplexml_load_file(): I/O warning : failed to load external entity &quot;test.xml&quot; (/var/www/w1/atem_R1/yii/yiip/protected/views/site/index.php:27)
Stack trace:
#0 /var/www/w1/atem_R1/yii/framework/web/CBaseController.php(95): SiteController->renderInternal()
#1 /var/www/w1/atem_R1/yii/framework/web/CController.php(869): SiteController->renderFile()
#2 /var/www/w1/atem_R1/yii/framework/web/CController.php(782): SiteController->renderPartial()
#3 /var/www/w1/atem_R1/yii/yiip/protected/controllers/SiteController.php(32): SiteController->render()
#4 /var/www/w1/atem_R1/yii/framework/web/actions/CInlineAction.php(49): SiteController->actionIndex()
#5 /var/www/w1/atem_R1/yii/framework/web/CController.php(308): CInlineAction->runWithParams()
#6 /var/www/w1/atem_R1/yii/framework/web/CController.php(286): SiteController->runAction()
#7 /var/www/w1/atem_R1/yii/framework/web/CController.php(265): SiteController->runActionWithFilters()
#8 /var/www/w1/atem_R1/yii/framework/web/CWebApplication.php(282): SiteController->run()
#9 /var/www/w1/atem_R1/yii/framework/web/CWebApplication.php(141): CWebApplication->runController()
#10 /var/www/w1/atem_R1/yii/framework/base/CApplication.php(169): CWebApplication->processRequest()
#11 /var/www/w1/atem_R1/yii/yiip/index.php(13): CWebApplication->run()
REQUEST_URI=/atem_R1/yii/yiip/index.php?r=site/index
in /var/www/w1/atem_R1/yii/yiip/protected/views/site/index.php (27)
in /var/www/w1/atem_R1/yii/yiip/protected/controllers/SiteController.php (32)
in /var/www/w1/atem_R1/yii/yiip/index.php (13)
2013/05/08 11:45:24 [error] [php] simplexml_load_file(): I/O warning : failed to load external entity &quot;test.xml&quot; (/var/www/w1/atem_R1/yii/yiip/protected/views/site/index.php:28)
Stack trace:
#0 /var/www/w1/atem_R1/yii/framework/web/CBaseController.php(95): SiteController->renderInternal()
#1 /var/www/w1/atem_R1/yii/framework/web/CController.php(869): SiteController->renderFile()
#2 /var/www/w1/atem_R1/yii/framework/web/CController.php(782): SiteController->renderPartial()
#3 /var/www/w1/atem_R1/yii/yiip/protected/controllers/SiteController.php(32): SiteController->render()
#4 /var/www/w1/atem_R1/yii/framework/web/actions/CInlineAction.php(49): SiteController->actionIndex()
#5 /var/www/w1/atem_R1/yii/framework/web/CController.php(308): CInlineAction->runWithParams()
#6 /var/www/w1/atem_R1/yii/framework/web/CController.php(286): SiteController->runAction()
#7 /var/www/w1/atem_R1/yii/framework/web/CController.php(265): SiteController->runActionWithFilters()
#8 /var/www/w1/atem_R1/yii/framework/web/CWebApplication.php(282): SiteController->run()
#9 /var/www/w1/atem_R1/yii/framework/web/CWebApplication.php(141): CWebApplication->runController()
#10 /var/www/w1/atem_R1/yii/framework/base/CApplication.php(169): CWebApplication->processRequest()
#11 /var/www/w1/atem_R1/yii/yiip/index.php(13): CWebApplication->run()
REQUEST_URI=/atem_R1/yii/yiip/index.php?r=site/index
in /var/www/w1/atem_R1/yii/yiip/protected/views/site/index.php (28)
in /var/www/w1/atem_R1/yii/yiip/protected/controllers/SiteController.php (32)
in /var/www/w1/atem_R1/yii/yiip/index.php (13)
2013/05/08 11:45:29 [error] [php] simplexml_load_file(): I/O warning : failed to load external entity &quot;test.xml&quot; (/var/www/w1/atem_R1/yii/yiip/protected/views/site/index.php:28)
Stack trace:
#0 /var/www/w1/atem_R1/yii/framework/web/CBaseController.php(95): SiteController->renderInternal()
#1 /var/www/w1/atem_R1/yii/framework/web/CController.php(869): SiteController->renderFile()
#2 /var/www/w1/atem_R1/yii/framework/web/CController.php(782): SiteController->renderPartial()
#3 /var/www/w1/atem_R1/yii/yiip/protected/controllers/SiteController.php(32): SiteController->render()
#4 /var/www/w1/atem_R1/yii/framework/web/actions/CInlineAction.php(49): SiteController->actionIndex()
#5 /var/www/w1/atem_R1/yii/framework/web/CController.php(308): CInlineAction->runWithParams()
#6 /var/www/w1/atem_R1/yii/framework/web/CController.php(286): SiteController->runAction()
#7 /var/www/w1/atem_R1/yii/framework/web/CController.php(265): SiteController->runActionWithFilters()
#8 /var/www/w1/atem_R1/yii/framework/web/CWebApplication.php(282): SiteController->run()
#9 /var/www/w1/atem_R1/yii/framework/web/CWebApplication.php(141): CWebApplication->runController()
#10 /var/www/w1/atem_R1/yii/framework/base/CApplication.php(169): CWebApplication->processRequest()
#11 /var/www/w1/atem_R1/yii/yiip/index.php(13): CWebApplication->run()
REQUEST_URI=/atem_R1/yii/yiip/index.php?r=site/index
in /var/www/w1/atem_R1/yii/yiip/protected/views/site/index.php (28)
in /var/www/w1/atem_R1/yii/yiip/protected/controllers/SiteController.php (32)
in /var/www/w1/atem_R1/yii/yiip/index.php (13)
2013/05/08 11:45:29 [error] [php] simplexml_load_file(): I/O warning : failed to load external entity &quot;test.xml&quot; (/var/www/w1/atem_R1/yii/yiip/protected/views/site/index.php:28)
Stack trace:
#0 /var/www/w1/atem_R1/yii/framework/web/CBaseController.php(95): SiteController->renderInternal()
#1 /var/www/w1/atem_R1/yii/framework/web/CController.php(869): SiteController->renderFile()
#2 /var/www/w1/atem_R1/yii/framework/web/CController.php(782): SiteController->renderPartial()
#3 /var/www/w1/atem_R1/yii/yiip/protected/controllers/SiteController.php(32): SiteController->render()
#4 /var/www/w1/atem_R1/yii/framework/web/actions/CInlineAction.php(49): SiteController->actionIndex()
#5 /var/www/w1/atem_R1/yii/framework/web/CController.php(308): CInlineAction->runWithParams()
#6 /var/www/w1/atem_R1/yii/framework/web/CController.php(286): SiteController->runAction()
#7 /var/www/w1/atem_R1/yii/framework/web/CController.php(265): SiteController->runActionWithFilters()
#8 /var/www/w1/atem_R1/yii/framework/web/CWebApplication.php(282): SiteController->run()
#9 /var/www/w1/atem_R1/yii/framework/web/CWebApplication.php(141): CWebApplication->runController()
#10 /var/www/w1/atem_R1/yii/framework/base/CApplication.php(169): CWebApplication->processRequest()
#11 /var/www/w1/atem_R1/yii/yiip/index.php(13): CWebApplication->run()
REQUEST_URI=/atem_R1/yii/yiip/index.php?r=site/index
in /var/www/w1/atem_R1/yii/yiip/protected/views/site/index.php (28)
in /var/www/w1/atem_R1/yii/yiip/protected/controllers/SiteController.php (32)
in /var/www/w1/atem_R1/yii/yiip/index.php (13)
2013/05/08 11:45:29 [error] [php] simplexml_load_file(): I/O warning : failed to load external entity &quot;test.xml&quot; (/var/www/w1/atem_R1/yii/yiip/protected/views/site/index.php:28)
Stack trace:
#0 /var/www/w1/atem_R1/yii/framework/web/CBaseController.php(95): SiteController->renderInternal()
#1 /var/www/w1/atem_R1/yii/framework/web/CController.php(869): SiteController->renderFile()
#2 /var/www/w1/atem_R1/yii/framework/web/CController.php(782): SiteController->renderPartial()
#3 /var/www/w1/atem_R1/yii/yiip/protected/controllers/SiteController.php(32): SiteController->render()
#4 /var/www/w1/atem_R1/yii/framework/web/actions/CInlineAction.php(49): SiteController->actionIndex()
#5 /var/www/w1/atem_R1/yii/framework/web/CController.php(308): CInlineAction->runWithParams()
#6 /var/www/w1/atem_R1/yii/framework/web/CController.php(286): SiteController->runAction()
#7 /var/www/w1/atem_R1/yii/framework/web/CController.php(265): SiteController->runActionWithFilters()
#8 /var/www/w1/atem_R1/yii/framework/web/CWebApplication.php(282): SiteController->run()
#9 /var/www/w1/atem_R1/yii/framework/web/CWebApplication.php(141): CWebApplication->runController()
#10 /var/www/w1/atem_R1/yii/framework/base/CApplication.php(169): CWebApplication->processRequest()
#11 /var/www/w1/atem_R1/yii/yiip/index.php(13): CWebApplication->run()
REQUEST_URI=/atem_R1/yii/yiip/index.php?r=site/index
in /var/www/w1/atem_R1/yii/yiip/protected/views/site/index.php (28)
in /var/www/w1/atem_R1/yii/yiip/protected/controllers/SiteController.php (32)
in /var/www/w1/atem_R1/yii/yiip/index.php (13)
2013/05/08 11:45:33 [error] [php] simplexml_load_file(): I/O warning : failed to load external entity &quot;test.xml&quot; (/var/www/w1/atem_R1/yii/yiip/protected/views/site/index.php:28)
Stack trace:
#0 /var/www/w1/atem_R1/yii/framework/web/CBaseController.php(95): SiteController->renderInternal()
#1 /var/www/w1/atem_R1/yii/framework/web/CController.php(869): SiteController->renderFile()
#2 /var/www/w1/atem_R1/yii/framework/web/CController.php(782): SiteController->renderPartial()
#3 /var/www/w1/atem_R1/yii/yiip/protected/controllers/SiteController.php(32): SiteController->render()
#4 /var/www/w1/atem_R1/yii/framework/web/actions/CInlineAction.php(49): SiteController->actionIndex()
#5 /var/www/w1/atem_R1/yii/framework/web/CController.php(308): CInlineAction->runWithParams()
#6 /var/www/w1/atem_R1/yii/framework/web/CController.php(286): SiteController->runAction()
#7 /var/www/w1/atem_R1/yii/framework/web/CController.php(265): SiteController->runActionWithFilters()
#8 /var/www/w1/atem_R1/yii/framework/web/CWebApplication.php(282): SiteController->run()
#9 /var/www/w1/atem_R1/yii/framework/web/CWebApplication.php(141): CWebApplication->runController()
#10 /var/www/w1/atem_R1/yii/framework/base/CApplication.php(169): CWebApplication->processRequest()
#11 /var/www/w1/atem_R1/yii/yiip/index.php(13): CWebApplication->run()
REQUEST_URI=/atem_R1/yii/yiip/index.php?r=site/index
in /var/www/w1/atem_R1/yii/yiip/protected/views/site/index.php (28)
in /var/www/w1/atem_R1/yii/yiip/protected/controllers/SiteController.php (32)
in /var/www/w1/atem_R1/yii/yiip/index.php (13)
2013/05/08 11:47:02 [error] [php] simplexml_load_file(): I/O warning : failed to load external entity &quot;test.xml&quot; (/var/www/w1/atem_R1/yii/yiip/protected/views/site/index.php:28)
Stack trace:
#0 /var/www/w1/atem_R1/yii/framework/web/CBaseController.php(95): SiteController->renderInternal()
#1 /var/www/w1/atem_R1/yii/framework/web/CController.php(869): SiteController->renderFile()
#2 /var/www/w1/atem_R1/yii/framework/web/CController.php(782): SiteController->renderPartial()
#3 /var/www/w1/atem_R1/yii/yiip/protected/controllers/SiteController.php(32): SiteController->render()
#4 /var/www/w1/atem_R1/yii/framework/web/actions/CInlineAction.php(49): SiteController->actionIndex()
#5 /var/www/w1/atem_R1/yii/framework/web/CController.php(308): CInlineAction->runWithParams()
#6 /var/www/w1/atem_R1/yii/framework/web/CController.php(286): SiteController->runAction()
#7 /var/www/w1/atem_R1/yii/framework/web/CController.php(265): SiteController->runActionWithFilters()
#8 /var/www/w1/atem_R1/yii/framework/web/CWebApplication.php(282): SiteController->run()
#9 /var/www/w1/atem_R1/yii/framework/web/CWebApplication.php(141): CWebApplication->runController()
#10 /var/www/w1/atem_R1/yii/framework/base/CApplication.php(169): CWebApplication->processRequest()
#11 /var/www/w1/atem_R1/yii/yiip/index.php(13): CWebApplication->run()
REQUEST_URI=/atem_R1/yii/yiip/index.php?r=site/index
in /var/www/w1/atem_R1/yii/yiip/protected/views/site/index.php (28)
in /var/www/w1/atem_R1/yii/yiip/protected/controllers/SiteController.php (32)
in /var/www/w1/atem_R1/yii/yiip/index.php (13)
2013/05/08 11:47:03 [error] [php] simplexml_load_file(): I/O warning : failed to load external entity &quot;test.xml&quot; (/var/www/w1/atem_R1/yii/yiip/protected/views/site/index.php:28)
Stack trace:
#0 /var/www/w1/atem_R1/yii/framework/web/CBaseController.php(95): SiteController->renderInternal()
#1 /var/www/w1/atem_R1/yii/framework/web/CController.php(869): SiteController->renderFile()
#2 /var/www/w1/atem_R1/yii/framework/web/CController.php(782): SiteController->renderPartial()
#3 /var/www/w1/atem_R1/yii/yiip/protected/controllers/SiteController.php(32): SiteController->render()
#4 /var/www/w1/atem_R1/yii/framework/web/actions/CInlineAction.php(49): SiteController->actionIndex()
#5 /var/www/w1/atem_R1/yii/framework/web/CController.php(308): CInlineAction->runWithParams()
#6 /var/www/w1/atem_R1/yii/framework/web/CController.php(286): SiteController->runAction()
#7 /var/www/w1/atem_R1/yii/framework/web/CController.php(265): SiteController->runActionWithFilters()
#8 /var/www/w1/atem_R1/yii/framework/web/CWebApplication.php(282): SiteController->run()
#9 /var/www/w1/atem_R1/yii/framework/web/CWebApplication.php(141): CWebApplication->runController()
#10 /var/www/w1/atem_R1/yii/framework/base/CApplication.php(169): CWebApplication->processRequest()
#11 /var/www/w1/atem_R1/yii/yiip/index.php(13): CWebApplication->run()
REQUEST_URI=/atem_R1/yii/yiip/index.php?r=site/index
in /var/www/w1/atem_R1/yii/yiip/protected/views/site/index.php (28)
in /var/www/w1/atem_R1/yii/yiip/protected/controllers/SiteController.php (32)
in /var/www/w1/atem_R1/yii/yiip/index.php (13)
2013/05/08 11:47:03 [error] [php] simplexml_load_file(): I/O warning : failed to load external entity &quot;test.xml&quot; (/var/www/w1/atem_R1/yii/yiip/protected/views/site/index.php:28)
Stack trace:
#0 /var/www/w1/atem_R1/yii/framework/web/CBaseController.php(95): SiteController->renderInternal()
#1 /var/www/w1/atem_R1/yii/framework/web/CController.php(869): SiteController->renderFile()
#2 /var/www/w1/atem_R1/yii/framework/web/CController.php(782): SiteController->renderPartial()
#3 /var/www/w1/atem_R1/yii/yiip/protected/controllers/SiteController.php(32): SiteController->render()
#4 /var/www/w1/atem_R1/yii/framework/web/actions/CInlineAction.php(49): SiteController->actionIndex()
#5 /var/www/w1/atem_R1/yii/framework/web/CController.php(308): CInlineAction->runWithParams()
#6 /var/www/w1/atem_R1/yii/framework/web/CController.php(286): SiteController->runAction()
#7 /var/www/w1/atem_R1/yii/framework/web/CController.php(265): SiteController->runActionWithFilters()
#8 /var/www/w1/atem_R1/yii/framework/web/CWebApplication.php(282): SiteController->run()
#9 /var/www/w1/atem_R1/yii/framework/web/CWebApplication.php(141): CWebApplication->runController()
#10 /var/www/w1/atem_R1/yii/framework/base/CApplication.php(169): CWebApplication->processRequest()
#11 /var/www/w1/atem_R1/yii/yiip/index.php(13): CWebApplication->run()
REQUEST_URI=/atem_R1/yii/yiip/index.php?r=site/index
in /var/www/w1/atem_R1/yii/yiip/protected/views/site/index.php (28)
in /var/www/w1/atem_R1/yii/yiip/protected/controllers/SiteController.php (32)
in /var/www/w1/atem_R1/yii/yiip/index.php (13)
2013/05/08 11:47:06 [error] [php] simplexml_load_file(): I/O warning : failed to load external entity &quot;test.xml&quot; (/var/www/w1/atem_R1/yii/yiip/protected/views/site/index.php:28)
Stack trace:
#0 /var/www/w1/atem_R1/yii/framework/web/CBaseController.php(95): SiteController->renderInternal()
#1 /var/www/w1/atem_R1/yii/framework/web/CController.php(869): SiteController->renderFile()
#2 /var/www/w1/atem_R1/yii/framework/web/CController.php(782): SiteController->renderPartial()
#3 /var/www/w1/atem_R1/yii/yiip/protected/controllers/SiteController.php(32): SiteController->render()
#4 /var/www/w1/atem_R1/yii/framework/web/actions/CInlineAction.php(49): SiteController->actionIndex()
#5 /var/www/w1/atem_R1/yii/framework/web/CController.php(308): CInlineAction->runWithParams()
#6 /var/www/w1/atem_R1/yii/framework/web/CController.php(286): SiteController->runAction()
#7 /var/www/w1/atem_R1/yii/framework/web/CController.php(265): SiteController->runActionWithFilters()
#8 /var/www/w1/atem_R1/yii/framework/web/CWebApplication.php(282): SiteController->run()
#9 /var/www/w1/atem_R1/yii/framework/web/CWebApplication.php(141): CWebApplication->runController()
#10 /var/www/w1/atem_R1/yii/framework/base/CApplication.php(169): CWebApplication->processRequest()
#11 /var/www/w1/atem_R1/yii/yiip/index.php(13): CWebApplication->run()
REQUEST_URI=/atem_R1/yii/yiip/index.php?r=site/index
in /var/www/w1/atem_R1/yii/yiip/protected/views/site/index.php (28)
in /var/www/w1/atem_R1/yii/yiip/protected/controllers/SiteController.php (32)
in /var/www/w1/atem_R1/yii/yiip/index.php (13)
2013/05/08 11:47:07 [error] [php] simplexml_load_file(): I/O warning : failed to load external entity &quot;test.xml&quot; (/var/www/w1/atem_R1/yii/yiip/protected/views/site/index.php:28)
Stack trace:
#0 /var/www/w1/atem_R1/yii/framework/web/CBaseController.php(95): SiteController->renderInternal()
#1 /var/www/w1/atem_R1/yii/framework/web/CController.php(869): SiteController->renderFile()
#2 /var/www/w1/atem_R1/yii/framework/web/CController.php(782): SiteController->renderPartial()
#3 /var/www/w1/atem_R1/yii/yiip/protected/controllers/SiteController.php(32): SiteController->render()
#4 /var/www/w1/atem_R1/yii/framework/web/actions/CInlineAction.php(49): SiteController->actionIndex()
#5 /var/www/w1/atem_R1/yii/framework/web/CController.php(308): CInlineAction->runWithParams()
#6 /var/www/w1/atem_R1/yii/framework/web/CController.php(286): SiteController->runAction()
#7 /var/www/w1/atem_R1/yii/framework/web/CController.php(265): SiteController->runActionWithFilters()
#8 /var/www/w1/atem_R1/yii/framework/web/CWebApplication.php(282): SiteController->run()
#9 /var/www/w1/atem_R1/yii/framework/web/CWebApplication.php(141): CWebApplication->runController()
#10 /var/www/w1/atem_R1/yii/framework/base/CApplication.php(169): CWebApplication->processRequest()
#11 /var/www/w1/atem_R1/yii/yiip/index.php(13): CWebApplication->run()
REQUEST_URI=/atem_R1/yii/yiip/index.php?r=site/index
in /var/www/w1/atem_R1/yii/yiip/protected/views/site/index.php (28)
in /var/www/w1/atem_R1/yii/yiip/protected/controllers/SiteController.php (32)
in /var/www/w1/atem_R1/yii/yiip/index.php (13)
2013/05/08 11:47:07 [error] [php] simplexml_load_file(): I/O warning : failed to load external entity &quot;test.xml&quot; (/var/www/w1/atem_R1/yii/yiip/protected/views/site/index.php:28)
Stack trace:
#0 /var/www/w1/atem_R1/yii/framework/web/CBaseController.php(95): SiteController->renderInternal()
#1 /var/www/w1/atem_R1/yii/framework/web/CController.php(869): SiteController->renderFile()
#2 /var/www/w1/atem_R1/yii/framework/web/CController.php(782): SiteController->renderPartial()
#3 /var/www/w1/atem_R1/yii/yiip/protected/controllers/SiteController.php(32): SiteController->render()
#4 /var/www/w1/atem_R1/yii/framework/web/actions/CInlineAction.php(49): SiteController->actionIndex()
#5 /var/www/w1/atem_R1/yii/framework/web/CController.php(308): CInlineAction->runWithParams()
#6 /var/www/w1/atem_R1/yii/framework/web/CController.php(286): SiteController->runAction()
#7 /var/www/w1/atem_R1/yii/framework/web/CController.php(265): SiteController->runActionWithFilters()
#8 /var/www/w1/atem_R1/yii/framework/web/CWebApplication.php(282): SiteController->run()
#9 /var/www/w1/atem_R1/yii/framework/web/CWebApplication.php(141): CWebApplication->runController()
#10 /var/www/w1/atem_R1/yii/framework/base/CApplication.php(169): CWebApplication->processRequest()
#11 /var/www/w1/atem_R1/yii/yiip/index.php(13): CWebApplication->run()
REQUEST_URI=/atem_R1/yii/yiip/index.php?r=site/index
in /var/www/w1/atem_R1/yii/yiip/protected/views/site/index.php (28)
in /var/www/w1/atem_R1/yii/yiip/protected/controllers/SiteController.php (32)
in /var/www/w1/atem_R1/yii/yiip/index.php (13)
2013/05/08 11:47:51 [error] [php] simplexml_load_file(): I/O warning : failed to load external entity &quot;test.xml&quot; (/var/www/w1/atem_R1/yii/yiip/protected/views/site/index.php:28)
Stack trace:
#0 /var/www/w1/atem_R1/yii/framework/web/CBaseController.php(95): SiteController->renderInternal()
#1 /var/www/w1/atem_R1/yii/framework/web/CController.php(869): SiteController->renderFile()
#2 /var/www/w1/atem_R1/yii/framework/web/CController.php(782): SiteController->renderPartial()
#3 /var/www/w1/atem_R1/yii/yiip/protected/controllers/SiteController.php(32): SiteController->render()
#4 /var/www/w1/atem_R1/yii/framework/web/actions/CInlineAction.php(49): SiteController->actionIndex()
#5 /var/www/w1/atem_R1/yii/framework/web/CController.php(308): CInlineAction->runWithParams()
#6 /var/www/w1/atem_R1/yii/framework/web/CController.php(286): SiteController->runAction()
#7 /var/www/w1/atem_R1/yii/framework/web/CController.php(265): SiteController->runActionWithFilters()
#8 /var/www/w1/atem_R1/yii/framework/web/CWebApplication.php(282): SiteController->run()
#9 /var/www/w1/atem_R1/yii/framework/web/CWebApplication.php(141): CWebApplication->runController()
#10 /var/www/w1/atem_R1/yii/framework/base/CApplication.php(169): CWebApplication->processRequest()
#11 /var/www/w1/atem_R1/yii/yiip/index.php(13): CWebApplication->run()
REQUEST_URI=/atem_R1/yii/yiip/index.php?r=site/index
in /var/www/w1/atem_R1/yii/yiip/protected/views/site/index.php (28)
in /var/www/w1/atem_R1/yii/yiip/protected/controllers/SiteController.php (32)
in /var/www/w1/atem_R1/yii/yiip/index.php (13)
2013/05/08 11:49:03 [error] [php] simplexml_load_file(): I/O warning : failed to load external entity &quot;./test.xml&quot; (/var/www/w1/atem_R1/yii/yiip/protected/views/site/index.php:28)
Stack trace:
#0 /var/www/w1/atem_R1/yii/framework/web/CBaseController.php(95): SiteController->renderInternal()
#1 /var/www/w1/atem_R1/yii/framework/web/CController.php(869): SiteController->renderFile()
#2 /var/www/w1/atem_R1/yii/framework/web/CController.php(782): SiteController->renderPartial()
#3 /var/www/w1/atem_R1/yii/yiip/protected/controllers/SiteController.php(32): SiteController->render()
#4 /var/www/w1/atem_R1/yii/framework/web/actions/CInlineAction.php(49): SiteController->actionIndex()
#5 /var/www/w1/atem_R1/yii/framework/web/CController.php(308): CInlineAction->runWithParams()
#6 /var/www/w1/atem_R1/yii/framework/web/CController.php(286): SiteController->runAction()
#7 /var/www/w1/atem_R1/yii/framework/web/CController.php(265): SiteController->runActionWithFilters()
#8 /var/www/w1/atem_R1/yii/framework/web/CWebApplication.php(282): SiteController->run()
#9 /var/www/w1/atem_R1/yii/framework/web/CWebApplication.php(141): CWebApplication->runController()
#10 /var/www/w1/atem_R1/yii/framework/base/CApplication.php(169): CWebApplication->processRequest()
#11 /var/www/w1/atem_R1/yii/yiip/index.php(13): CWebApplication->run()
REQUEST_URI=/atem_R1/yii/yiip/index.php?r=site/index
in /var/www/w1/atem_R1/yii/yiip/protected/views/site/index.php (28)
in /var/www/w1/atem_R1/yii/yiip/protected/controllers/SiteController.php (32)
in /var/www/w1/atem_R1/yii/yiip/index.php (13)
2013/05/08 11:49:17 [error] [php] simplexml_load_file(): I/O warning : failed to load external entity &quot;/home/atem/test.xml&quot; (/var/www/w1/atem_R1/yii/yiip/protected/views/site/index.php:28)
Stack trace:
#0 /var/www/w1/atem_R1/yii/framework/web/CBaseController.php(95): SiteController->renderInternal()
#1 /var/www/w1/atem_R1/yii/framework/web/CController.php(869): SiteController->renderFile()
#2 /var/www/w1/atem_R1/yii/framework/web/CController.php(782): SiteController->renderPartial()
#3 /var/www/w1/atem_R1/yii/yiip/protected/controllers/SiteController.php(32): SiteController->render()
#4 /var/www/w1/atem_R1/yii/framework/web/actions/CInlineAction.php(49): SiteController->actionIndex()
#5 /var/www/w1/atem_R1/yii/framework/web/CController.php(308): CInlineAction->runWithParams()
#6 /var/www/w1/atem_R1/yii/framework/web/CController.php(286): SiteController->runAction()
#7 /var/www/w1/atem_R1/yii/framework/web/CController.php(265): SiteController->runActionWithFilters()
#8 /var/www/w1/atem_R1/yii/framework/web/CWebApplication.php(282): SiteController->run()
#9 /var/www/w1/atem_R1/yii/framework/web/CWebApplication.php(141): CWebApplication->runController()
#10 /var/www/w1/atem_R1/yii/framework/base/CApplication.php(169): CWebApplication->processRequest()
#11 /var/www/w1/atem_R1/yii/yiip/index.php(13): CWebApplication->run()
REQUEST_URI=/atem_R1/yii/yiip/index.php?r=site/index
in /var/www/w1/atem_R1/yii/yiip/protected/views/site/index.php (28)
in /var/www/w1/atem_R1/yii/yiip/protected/controllers/SiteController.php (32)
in /var/www/w1/atem_R1/yii/yiip/index.php (13)
2013/05/08 12:33:01 [error] [php] Undefined offset: 9 (/var/www/w1/atem_R1/yii/yiip/protected/views/site/index.php:56)
Stack trace:
#0 /var/www/w1/atem_R1/yii/framework/web/CController.php(869): SiteController->renderFile()
#1 /var/www/w1/atem_R1/yii/framework/web/CController.php(782): SiteController->renderPartial()
#2 /var/www/w1/atem_R1/yii/yiip/protected/controllers/SiteController.php(32): SiteController->render()
#3 /var/www/w1/atem_R1/yii/framework/web/actions/CInlineAction.php(49): SiteController->actionIndex()
#4 /var/www/w1/atem_R1/yii/framework/web/CController.php(308): CInlineAction->runWithParams()
#5 /var/www/w1/atem_R1/yii/framework/web/CController.php(286): SiteController->runAction()
#6 /var/www/w1/atem_R1/yii/framework/web/CController.php(265): SiteController->runActionWithFilters()
#7 /var/www/w1/atem_R1/yii/framework/web/CWebApplication.php(282): SiteController->run()
#8 /var/www/w1/atem_R1/yii/framework/web/CWebApplication.php(141): CWebApplication->runController()
#9 /var/www/w1/atem_R1/yii/framework/base/CApplication.php(169): CWebApplication->processRequest()
#10 /var/www/w1/atem_R1/yii/yiip/index.php(13): CWebApplication->run()
REQUEST_URI=/atem_R1/yii/yiip/index.php?r=site/index
in /var/www/w1/atem_R1/yii/yiip/protected/views/site/index.php (56)
in /var/www/w1/atem_R1/yii/yiip/protected/controllers/SiteController.php (32)
in /var/www/w1/atem_R1/yii/yiip/index.php (13)
2013/05/08 13:30:34 [error] [php] fopen(/var/www/w1/atem_R1/yii/yiip/testFile.txt): failed to open stream: Permission denied (/var/www/w1/atem_R1/yii/yiip/protected/views/site/index.php:64)
Stack trace:
#0 /var/www/w1/atem_R1/yii/framework/web/CBaseController.php(95): SiteController->renderInternal()
#1 /var/www/w1/atem_R1/yii/framework/web/CController.php(869): SiteController->renderFile()
#2 /var/www/w1/atem_R1/yii/framework/web/CController.php(782): SiteController->renderPartial()
#3 /var/www/w1/atem_R1/yii/yiip/protected/controllers/SiteController.php(32): SiteController->render()
#4 /var/www/w1/atem_R1/yii/framework/web/actions/CInlineAction.php(49): SiteController->actionIndex()
#5 /var/www/w1/atem_R1/yii/framework/web/CController.php(308): CInlineAction->runWithParams()
#6 /var/www/w1/atem_R1/yii/framework/web/CController.php(286): SiteController->runAction()
#7 /var/www/w1/atem_R1/yii/framework/web/CController.php(265): SiteController->runActionWithFilters()
#8 /var/www/w1/atem_R1/yii/framework/web/CWebApplication.php(282): SiteController->run()
#9 /var/www/w1/atem_R1/yii/framework/web/CWebApplication.php(141): CWebApplication->runController()
#10 /var/www/w1/atem_R1/yii/framework/base/CApplication.php(169): CWebApplication->processRequest()
#11 /var/www/w1/atem_R1/yii/yiip/index.php(13): CWebApplication->run()
REQUEST_URI=/atem_R1/yii/yiip/index.php?r=site/index
in /var/www/w1/atem_R1/yii/yiip/protected/views/site/index.php (64)
in /var/www/w1/atem_R1/yii/yiip/protected/controllers/SiteController.php (32)
in /var/www/w1/atem_R1/yii/yiip/index.php (13)
